2024-12-17 16:34:31:3431 [32minfo[39m
2024-12-17 16:36:43:3643 [32minfo[39m: [32m[WINSTON] Request - POST /auth/login[39m
2024-12-17 16:37:09:379 [32minfo[39m:
 [32m[WINSTON] Request - POST /auth/login[39m
2024-12-17 16:37:24:3724 [32minfo[39m:
[32m[WINSTON] Request - POST /auth/login[39m
2024-12-17 16:38:27:3827 [31merror[39m:
[31mExpected double-quoted property name in JSON at position 48[39m
2024-12-17 20:55:23:5523 [32minfo[39m:
[32m[WINSTON] Request - GET /projects[39m
2024-12-17 20:55:23:5523 [31merror[39m:
[31mMissing Auth Token[39m
2024-12-17 20:55:27:5527 [32minfo[39m:
[32m[WINSTON] Request - POST /auth/login[39m
2024-12-17 20:56:05:565 [32minfo[39m:
[32m[WINSTON] Request - GET /projects[39m
2024-12-17 20:56:31:5631 [32minfo[39m:
[32m[WINSTON] Request - GET /projects[39m
2024-12-17 20:57:58:5758 [32minfo[39m:
[32m[WINSTON] Request - GET /projects/1[39m
2024-12-17 20:57:58:5758 [31merror[39m:
[31mProject not found[39m
2024-12-17 21:00:36:036 [32minfo[39m:
[32m[WINSTON] Request - POST /projects[39m
2024-12-17 21:00:36:036 [31merror[39m:
[31m"description" is not allowed to be empty[39m
2024-12-17 21:00:41:041 [32minfo[39m:
[32m[WINSTON] Request - POST /projects[39m
2024-12-17 21:00:41:041 [31merror[39m:
[31m[39m
[31mInvalid `prisma.project.create()` invocation in[39m
[31mD:\Berijalan\Training NodeJS\core-service\src\services\project.service.ts:40:57[39m

[31m  37   throw new CustomError(400, "Owner ID is required")[39m
[31m  38 }[39m
[31m  39 [39m
[31m→ 40 const project = await prisma.project.create([39m
[31mForeign key constraint violated: `UserProject_userId_fkey (index)`[39m
2024-12-17 21:03:50:350 [32minfo[39m:
[32m[WINSTON] Request - POST /projects[39m
2024-12-17 21:03:50:350 [31merror[39m:
[31mUser with the given ownerId does not exist[39m
2024-12-17 21:04:04:44 [32minfo[39m:
[32m[WINSTON] Request - POST /projects[39m
2024-12-17 21:06:05:65 [32minfo[39m:
[32m[WINSTON] Request - POST /projects[39m
2024-12-17 21:17:37:1737 [32minfo[39m:
[32m[WINSTON] Request - POST /projects[39m
2024-12-17 21:17:37:1737 [31merror[39m:
[31mjwt expired[39m
2024-12-17 21:17:43:1743 [32minfo[39m:
[32m[WINSTON] Request - POST /auth/login[39m
2024-12-17 21:17:55:1755 [32minfo[39m:
[32m[WINSTON] Request - POST /projects[39m
2024-12-17 21:18:51:1851 [31merror[39m:
[31mExpected double-quoted property name in JSON at position 115[39m
2024-12-17 21:22:22:2222 [31merror[39m:
[31mExpected double-quoted property name in JSON at position 115[39m
2024-12-17 21:25:04:254 [31merror[39m:
[31mExpected double-quoted property name in JSON at position 115[39m
2024-12-17 21:25:09:259 [32minfo[39m:
[32m[WINSTON] Request - POST /projects/77e648f7-8f44-46a0-bcf0-ca81a9bd1780[39m
2024-12-17 21:25:09:259 [31merror[39m:
[31mjwt expired[39m
2024-12-17 21:25:13:2513 [32minfo[39m:
[32m[WINSTON] Request - POST /auth/login[39m
2024-12-17 21:25:25:2525 [32minfo[39m:
[32m[WINSTON] Request - POST /projects/77e648f7-8f44-46a0-bcf0-ca81a9bd1780[39m
2024-12-17 21:25:25:2525 [31merror[39m:
[31mCannot destructure property 'id' of 'data' as it is undefined.[39m
2024-12-17 21:25:47:2547 [32minfo[39m:
[32m[WINSTON] Request - POST /projects/77e648f7-8f44-46a0-bcf0-ca81a9bd1780[39m
2024-12-17 21:25:47:2547 [31merror[39m:
[31mCannot destructure property 'id' of 'data' as it is undefined.[39m
2024-12-17 21:26:50:2650 [32minfo[39m:
[32m[WINSTON] Request - GET /img/icons/android-chrome-192x192.png[39m
2024-12-17 21:26:50:2650 [32minfo[39m:
[32m[WINSTON] Request - GET /img/icons/android-chrome-512x512.png[39m
2024-12-17 21:26:50:2650 [32minfo[39m:
[32m[WINSTON] Request - GET /img/icons/android-chrome-maskable-192x192.png[39m
2024-12-17 21:26:50:2650 [32minfo[39m:
[32m[WINSTON] Request - GET /img/icons/android-chrome-maskable-512x512.png[39m
2024-12-17 21:30:16:3016 [32minfo[39m:
[32m[WINSTON] Request - POST /projects/77e648f7-8f44-46a0-bcf0-ca81a9bd1780[39m
2024-12-17 21:30:16:3016 [31merror[39m:
[31mProject not found[39m
2024-12-17 21:30:33:3033 [32minfo[39m:
[32m[WINSTON] Request - POST /projects/53ca4732-289f-4b74-a97e-8150cfbe4214[39m
2024-12-17 21:31:12:3112 [32minfo[39m:
[32m[WINSTON] Request - GET /projects/53ca4732-289f-4b74-a97e-8150cfbe4214[39m
2024-12-17 21:31:12:3112 [31merror[39m:
[31mjwt expired[39m
2024-12-17 21:31:26:3126 [32minfo[39m:
[32m[WINSTON] Request - GET /projects/53ca4732-289f-4b74-a97e-8150cfbe4214[39m
2024-12-17 21:34:19:3419 [32minfo[39m:
[32m[WINSTON] Request - POST /projects/53ca4732-289f-4b74-a97e-8150cfbe4214[39m
2024-12-17 21:34:30:3430 [32minfo[39m:
[32m[WINSTON] Request - POST /projects/53ca4732-289f-4b74-a97e-8150cfbe4214[39m
2024-12-17 21:34:30:3430 [31merror[39m:
[31m"status" must be one of [PLANNING, IN_PROGRESS, COMPLETED, ON_HOLD, CANCELLED][39m
2024-12-17 21:34:37:3437 [32minfo[39m:
[32m[WINSTON] Request - POST /projects/53ca4732-289f-4b74-a97e-8150cfbe4214[39m
2024-12-17 21:43:20:4320 [32minfo[39m:
[32m[WINSTON] Request - DELETE /projects/53ca4732-289f-4b74-a97e-8150cfbe4214[39m
2024-12-17 21:43:20:4320 [31merror[39m:
[31mMissing Auth Token[39m
2024-12-17 21:43:34:4334 [32minfo[39m:
[32m[WINSTON] Request - POST /auth/login[39m
2024-12-17 21:43:45:4345 [32minfo[39m:
[32m[WINSTON] Request - DELETE /projects/53ca4732-289f-4b74-a97e-8150cfbe4214[39m
2024-12-17 22:07:19:719 [32minfo[39m:
[32m[WINSTON] Request - POST /auth/login[39m
2024-12-17 22:08:41:841 [32minfo[39m:
[32m[WINSTON] Request - POST /projects/add-user[39m
2024-12-17 22:08:41:841 [31merror[39m:
[31m"projectId" is not allowed[39m
2024-12-17 22:11:01:111 [32minfo[39m:
[32m[WINSTON] Request - POST /projects/add-user[39m
2024-12-17 22:11:01:111 [31merror[39m:
[31m"projectId" is not allowed[39m
2024-12-17 22:11:05:115 [32minfo[39m:
[32m[WINSTON] Request - POST /projects/add-user[39m
2024-12-17 22:11:05:115 [31merror[39m:
[31m"projectId" is not allowed[39m
2024-12-17 22:12:01:121 [32minfo[39m:
[32m[WINSTON] Request - POST /projects/add-user[39m
2024-12-17 22:12:01:121 [31merror[39m:
[31m"projectId" is not allowed[39m
2024-12-17 22:14:18:1418 [32minfo[39m:
[32m[WINSTON] Request - POST /projects/add-user[39m
2024-12-17 22:14:18:1418 [31merror[39m:
[31m"projectId" is not allowed[39m
2024-12-17 22:14:26:1426 [32minfo[39m:
[32m[WINSTON] Request - POST /projects/add-user[39m
2024-12-17 22:14:26:1426 [31merror[39m:
[31m"projectId" is not allowed[39m
2024-12-17 22:14:29:1429 [32minfo[39m:
[32m[WINSTON] Request - POST /projects/add-user[39m
2024-12-17 22:14:29:1429 [31merror[39m:
[31m"projectId" is not allowed[39m
2024-12-17 22:15:52:1552 [32minfo[39m:
[32m[WINSTON] Request - POST /projects/add-user[39m
2024-12-17 22:15:52:1552 [31merror[39m:
[31m"projectId" is not allowed[39m
2024-12-17 22:16:19:1619 [32minfo[39m:
[32m[WINSTON] Request - POST /projects/add-user[39m
2024-12-17 22:16:19:1619 [31merror[39m:
[31m"projectId" is not allowed[39m
2024-12-17 22:16:38:1638 [32minfo[39m:
[32m[WINSTON] Request - POST /projects/add-user[39m
2024-12-17 22:16:38:1638 [31merror[39m:
[31m"projectId" is not allowed[39m
2024-12-17 22:17:29:1729 [32minfo[39m:
[32m[WINSTON] Request - POST /projects/add-user[39m
2024-12-17 22:17:29:1729 [31merror[39m:
[31m"projectId" is not allowed[39m
2024-12-17 22:18:37:1837 [32minfo[39m:
[32m[WINSTON] Request - POST /projects/add-user[39m
2024-12-17 22:18:37:1837 [31merror[39m:
[31m"projectId" is not allowed[39m
2024-12-17 22:20:52:2052 [32minfo[39m:
[32m[WINSTON] Request - POST /projects/add-user[39m
2024-12-17 22:20:52:2052 [31merror[39m:
[31m"projectId" is not allowed[39m
2024-12-17 22:21:56:2156 [32minfo[39m:
[32m[WINSTON] Request - POST /projects/add-user[39m
2024-12-17 22:21:56:2156 [31merror[39m:
[31m"projectId" is not allowed[39m
2024-12-17 22:22:24:2224 [32minfo[39m:
[32m[WINSTON] Request - POST /projects/add-user[39m
2024-12-17 22:22:24:2224 [31merror[39m:
[31mjwt expired[39m
2024-12-17 22:22:30:2230 [32minfo[39m:
[32m[WINSTON] Request - POST /auth/login[39m
2024-12-17 22:22:43:2243 [32minfo[39m:
[32m[WINSTON] Request - POST /projects/add-user[39m
2024-12-17 22:22:43:2243 [31merror[39m:
[31m"projectId" is not allowed[39m
2024-12-17 22:23:42:2342 [32minfo[39m:
[32m[WINSTON] Request - POST /projects/add-user[39m
2024-12-17 22:23:42:2342 [31merror[39m:
[31m"projectId" is not allowed[39m
2024-12-17 22:23:58:2358 [32minfo[39m:
[32m[WINSTON] Request - POST /projects/add-user[39m
2024-12-17 22:23:58:2358 [31merror[39m:
[31m"userId" is not allowed[39m
2024-12-17 22:24:07:247 [32minfo[39m:
[32m[WINSTON] Request - POST /projects/add-user[39m
2024-12-17 22:24:07:247 [31merror[39m:
[31m"projectId" is not allowed[39m
2024-12-17 22:24:20:2420 [32minfo[39m:
[32m[WINSTON] Request - POST /projects/add-user[39m
2024-12-17 22:24:20:2420 [31merror[39m:
[31m"userId" is not allowed[39m
2024-12-17 22:24:25:2425 [32minfo[39m:
[32m[WINSTON] Request - POST /projects/add-user[39m
2024-12-17 22:24:25:2425 [31merror[39m:
[31m"projectId" is not allowed[39m
2024-12-17 22:24:42:2442 [32minfo[39m:
[32m[WINSTON] Request - POST /projects/add-user[39m
2024-12-17 22:24:42:2442 [31merror[39m:
[31m"projectId" is not allowed[39m
2024-12-17 22:25:34:2534 [32minfo[39m:
[32m[WINSTON] Request - POST /projects/add-user[39m
2024-12-17 22:25:34:2534 [31merror[39m:
[31m"projectId" is not allowed[39m
2024-12-17 22:25:57:2557 [32minfo[39m:
[32m[WINSTON] Request - POST /projects/add-user[39m
2024-12-17 22:25:57:2557 [31merror[39m:
[31m"projectId" is not allowed[39m
2024-12-17 22:26:31:2631 [32minfo[39m:
[32m[WINSTON] Request - POST /projects/add-user[39m
2024-12-17 22:26:31:2631 [31merror[39m:
[31m"projectId" is not allowed[39m
2024-12-17 22:26:50:2650 [32minfo[39m:
[32m[WINSTON] Request - POST /projects/add-user[39m
2024-12-17 22:26:50:2650 [31merror[39m:
[31m"projectId" is not allowed[39m
2024-12-17 22:27:37:2737 [32minfo[39m:
[32m[WINSTON] Request - POST /projects/add-user[39m
2024-12-17 22:27:37:2737 [31merror[39m:
[31m"projectId" is not allowed[39m
2024-12-17 22:28:01:281 [32minfo[39m:
[32m[WINSTON] Request - POST /projects/add-user[39m
2024-12-17 22:28:01:281 [31merror[39m:
[31m"projectId" is not allowed[39m
2024-12-17 22:28:03:283 [32minfo[39m:
[32m[WINSTON] Request - POST /projects/add-user[39m
2024-12-17 22:28:03:283 [31merror[39m:
[31m"projectId" is not allowed[39m
2024-12-17 22:28:12:2812 [32minfo[39m:
[32m[WINSTON] Request - POST /projects/add-user[39m
2024-12-17 22:28:12:2812 [31merror[39m:
[31m"projectId" is not allowed[39m
2024-12-17 22:28:24:2824 [32minfo[39m:
[32m[WINSTON] Request - POST /projects/add-user[39m
2024-12-17 22:28:24:2824 [31merror[39m:
[31m"projectId" is not allowed[39m
2024-12-17 22:28:29:2829 [32minfo[39m:
[32m[WINSTON] Request - POST /projects/add-user[39m
2024-12-17 22:28:29:2829 [31merror[39m:
[31m"projectId" is not allowed[39m
2024-12-17 22:28:43:2843 [32minfo[39m:
[32m[WINSTON] Request - POST /projects/add-user[39m
2024-12-17 22:28:43:2843 [31merror[39m:
[31m"projectId" is not allowed[39m
2024-12-17 22:29:46:2946 [32minfo[39m:
[32m[WINSTON] Request - POST /projects/add-user[39m
2024-12-17 22:29:46:2946 [31merror[39m:
[31m"projectId" is not allowed[39m
2024-12-17 22:30:37:3037 [32minfo[39m:
[32m[WINSTON] Request - POST /projects/add-user[39m
2024-12-17 22:30:37:3037 [31merror[39m:
[31m"projectId" is not allowed[39m
2024-12-17 22:30:46:3046 [32minfo[39m:
[32m[WINSTON] Request - POST /projects/add-user[39m
2024-12-17 22:30:46:3046 [31merror[39m:
[31m"projectId" is not allowed[39m
2024-12-17 22:30:50:3050 [32minfo[39m:
[32m[WINSTON] Request - POST /projects/add-users[39m
2024-12-17 22:30:50:3050 [31merror[39m:
[31m"projectId" is not allowed[39m
2024-12-17 22:32:11:3211 [32minfo[39m:
[32m[WINSTON] Request - POST /projects/add-users[39m
2024-12-17 22:32:11:3211 [31merror[39m:
[31mjwt expired[39m
2024-12-17 22:32:14:3214 [32minfo[39m:
[32m[WINSTON] Request - POST /auth/login[39m
2024-12-17 22:32:25:3225 [32minfo[39m:
[32m[WINSTON] Request - POST /projects/add-users[39m
2024-12-17 22:32:25:3225 [31merror[39m:
[31m"projectId" is not allowed[39m
2024-12-17 22:33:19:3319 [32minfo[39m:
[32m[WINSTON] Request - POST /projects/add-usersss[39m
2024-12-17 22:33:19:3319 [31merror[39m:
[31m"projectId" is not allowed[39m
2024-12-17 22:33:25:3325 [32minfo[39m:
[32m[WINSTON] Request - POST /projects/a[39m
2024-12-17 22:33:25:3325 [31merror[39m:
[31m"projectId" is not allowed[39m
2024-12-17 22:33:29:3329 [32minfo[39m:
[32m[WINSTON] Request - POST /projects/add-usersss[39m
2024-12-17 22:33:29:3329 [31merror[39m:
[31m"projectId" is not allowed[39m
2024-12-17 22:34:09:349 [32minfo[39m:
[32m[WINSTON] Request - POST /projects/add-usersss[39m
2024-12-17 22:34:09:349 [31merror[39m:
[31m"projectId" is not allowed[39m
2024-12-17 22:34:51:3451 [32minfo[39m:
[32m[WINSTON] Request - POST /projects/add-usersss[39m
2024-12-17 22:34:51:3451 [31merror[39m:
[31m"projectId" is not allowed[39m
2024-12-17 22:35:24:3524 [32minfo[39m:
[32m[WINSTON] Request - POST /projects/add-usersss[39m
2024-12-17 22:35:24:3524 [31merror[39m:
[31m"projectId" is not allowed[39m
2024-12-17 22:36:15:3615 [32minfo[39m:
[32m[WINSTON] Request - POST /projects/add-usersss[39m
2024-12-17 22:36:15:3615 [31merror[39m:
[31m"projectId" is not allowed[39m
2024-12-17 22:36:24:3624 [32minfo[39m:
[32m[WINSTON] Request - POST /projects/add-users[39m
2024-12-17 22:36:24:3624 [31merror[39m:
[31m"projectId" is not allowed[39m
2024-12-17 22:36:52:3652 [32minfo[39m:
[32m[WINSTON] Request - POST /projects/add-users[39m
2024-12-17 22:36:53:3653 [31merror[39m:
[31m"projectId" is not allowed[39m
2024-12-17 22:39:05:395 [32minfo[39m:
[32m[WINSTON] Request - POST /projects[39m
2024-12-17 22:39:05:395 [31merror[39m:
[31mjwt expired[39m
2024-12-17 22:39:08:398 [32minfo[39m:
[32m[WINSTON] Request - POST /auth/login[39m
2024-12-17 22:39:18:3918 [32minfo[39m:
[32m[WINSTON] Request - POST /projects[39m
2024-12-17 22:40:41:4041 [32minfo[39m:
[32m[WINSTON] Request - POST /projects/42a3c73c-4a2e-4129-aa04-ab125e50fcfc[39m
2024-12-17 22:40:41:4041 [31merror[39m:
[31mjwt expired[39m
2024-12-17 22:40:50:4050 [32minfo[39m:
[32m[WINSTON] Request - POST /projects/42a3c73c-4a2e-4129-aa04-ab125e50fcfc[39m
2024-12-17 22:40:50:4050 [31merror[39m:
[31mjwt malformed[39m
2024-12-17 22:41:04:414 [32minfo[39m:
[32m[WINSTON] Request - POST /projects/42a3c73c-4a2e-4129-aa04-ab125e50fcfc[39m
2024-12-17 22:41:21:4121 [32minfo[39m:
[32m[WINSTON] Request - POST /projects/add-users[39m
2024-12-17 22:41:21:4121 [31merror[39m:
[31m"projectId" is not allowed[39m
2024-12-17 22:42:15:4215 [32minfo[39m:
[32m[WINSTON] Request - POST /projects/add-users[39m
2024-12-17 22:42:15:4215 [31merror[39m:
[31m"projectId" is not allowed[39m
2024-12-17 22:42:22:4222 [32minfo[39m:
[32m[WINSTON] Request - POST /projects/add-user[39m
2024-12-17 22:42:22:4222 [31merror[39m:
[31m"projectId" is not allowed[39m
2024-12-17 22:42:26:4226 [32minfo[39m:
[32m[WINSTON] Request - POST /projects/add-user[39m
2024-12-17 22:42:26:4226 [31merror[39m:
[31m"projectId" is not allowed[39m
2024-12-17 22:43:21:4321 [32minfo[39m:
[32m[WINSTON] Request - POST /projects/add-user[39m
2024-12-17 22:43:21:4321 [31merror[39m:
[31m"projectId" is not allowed[39m
2024-12-17 22:43:38:4338 [32minfo[39m:
[32m[WINSTON] Request - POST /projects/add-user[39m
2024-12-17 22:43:38:4338 [31merror[39m:
[31m"projectId" is not allowed[39m
2024-12-17 22:43:40:4340 [32minfo[39m:
[32m[WINSTON] Request - POST /projects/add-user[39m
2024-12-17 22:43:40:4340 [31merror[39m:
[31m"projectId" is not allowed[39m
2024-12-17 22:44:30:4430 [32minfo[39m:
[32m[WINSTON] Request - POST /projects/add-user[39m
2024-12-17 22:44:30:4430 [31merror[39m:
[31m"projectId" is not allowed[39m
2024-12-17 22:55:15:5515 [32minfo[39m:
[32m[WINSTON] Request - POST /projects/add-user[39m
2024-12-17 22:55:15:5515 [31merror[39m:
[31mjwt expired[39m
2024-12-17 22:55:18:5518 [32minfo[39m:
[32m[WINSTON] Request - POST /auth/login[39m
2024-12-17 22:55:27:5527 [32minfo[39m:
[32m[WINSTON] Request - POST /projects/add-user[39m
2024-12-17 22:55:27:5527 [31merror[39m:
[31m"projectId" is not allowed[39m
2024-12-17 23:00:08:08 [32minfo[39m:
[32m[WINSTON] Request - POST /projects/add-user[39m
2024-12-17 23:00:08:08 [31merror[39m:
[31m"userId" is not allowed[39m
2024-12-17 23:00:48:048 [32minfo[39m:
[32m[WINSTON] Request - POST /projects/add-user[39m
2024-12-17 23:00:48:048 [31merror[39m:
[31m"userId" is not allowed[39m
2024-12-17 23:00:49:049 [32minfo[39m:
[32m[WINSTON] Request - POST /projects/add-user[39m
2024-12-17 23:00:49:049 [31merror[39m:
[31m"userId" is not allowed[39m
2024-12-17 23:01:18:118 [32minfo[39m:
[32m[WINSTON] Request - POST /projects/add-user[39m
2024-12-17 23:01:18:118 [31merror[39m:
[31m"userId" is not allowed[39m
2024-12-17 23:02:25:225 [32minfo[39m:
[32m[WINSTON] Request - POST /projects/add-user[39m
2024-12-17 23:02:25:225 [31merror[39m:
[31m"userId" is not allowed[39m
2024-12-17 23:02:26:226 [32minfo[39m:
[32m[WINSTON] Request - POST /projects/add-user[39m
2024-12-17 23:02:26:226 [31merror[39m:
[31m"userId" is not allowed[39m
2024-12-17 23:05:02:52 [32minfo[39m:
[32m[WINSTON] Request - POST /projects/add-user[39m
2024-12-17 23:05:02:52 [31merror[39m:
[31m"userId" is not allowed[39m
2024-12-17 23:05:03:53 [32minfo[39m:
[32m[WINSTON] Request - POST /projects/add-user[39m
2024-12-17 23:05:03:53 [31merror[39m:
[31m"userId" is not allowed[39m
2024-12-17 23:13:05:135 [32minfo[39m:
[32m[WINSTON] Request - GET /projects[39m
2024-12-17 23:13:05:135 [31merror[39m:
[31mjwt expired[39m
2024-12-17 23:13:08:138 [32minfo[39m:
[32m[WINSTON] Request - POST /auth/login[39m
2024-12-17 23:13:18:1318 [32minfo[39m:
[32m[WINSTON] Request - GET /projects[39m
2024-12-17 23:22:45:2245 [32minfo[39m:
[32m[WINSTON] Request - POST /projects[39m
2024-12-17 23:22:45:2245 [31merror[39m:
[31mjwt expired[39m
2024-12-17 23:22:48:2248 [32minfo[39m:
[32m[WINSTON] Request - POST /auth/login[39m
2024-12-17 23:22:58:2258 [32minfo[39m:
[32m[WINSTON] Request - POST /projects[39m
2024-12-18 08:44:48:4448 [32minfo[39m:
[32m[WINSTON] Request - POST /projects/add-user[39m
2024-12-18 08:44:48:4448 [31merror[39m:
[31mjwt expired[39m
2024-12-18 08:44:54:4454 [32minfo[39m:
[32m[WINSTON] Request - POST /auth/login[39m
2024-12-18 08:45:08:458 [32minfo[39m:
[32m[WINSTON] Request - POST /projects/add-user[39m
2024-12-18 08:45:08:458 [31merror[39m:
[31m"userId" is not allowed[39m
2024-12-18 08:45:59:4559 [32minfo[39m:
[32m[WINSTON] Request - POST /projects/add-user[39m
2024-12-18 08:45:59:4559 [31merror[39m:
[31m"userId" is not allowed[39m
2024-12-18 08:47:20:4720 [32minfo[39m:
[32m[WINSTON] Request - POST /projects/add-user[39m
2024-12-18 08:47:20:4720 [31merror[39m:
[31m"projectId" is not allowed[39m
2024-12-18 08:48:45:4845 [32minfo[39m:
[32m[WINSTON] Request - POST /projects/add-user[39m
2024-12-18 08:48:45:4845 [31merror[39m:
[31m"projectId" is not allowed[39m
2024-12-18 08:51:14:5114 [32minfo[39m:
[32m[WINSTON] Request - POST /projects/add-user[39m
2024-12-18 08:51:14:5114 [31merror[39m:
[31m"projectId" is not allowed[39m
2024-12-18 08:52:15:5215 [32minfo[39m:
[32m[WINSTON] Request - POST /projects/add-user[39m
2024-12-18 08:52:15:5215 [31merror[39m:
[31m"projectId" is not allowed[39m
2024-12-18 09:08:00:80 [32minfo[39m:
[32m[WINSTON] Request - POST /projects/add-user[39m
2024-12-18 09:08:00:80 [31merror[39m:
[31mjwt expired[39m
2024-12-18 09:08:04:84 [32minfo[39m:
[32m[WINSTON] Request - POST /auth/login[39m
2024-12-18 09:08:12:812 [32minfo[39m:
[32m[WINSTON] Request - POST /projects/add-user[39m
2024-12-18 09:08:12:812 [31merror[39m:
[31m"projectId" is not allowed[39m
2024-12-18 09:09:28:928 [32minfo[39m:
[32m[WINSTON] Request - POST /projects/add-user[39m
2024-12-18 09:09:28:928 [31merror[39m:
[31m"projectId" is not allowed[39m
2024-12-18 09:09:53:953 [32minfo[39m:
[32m[WINSTON] Request - POST /projects/add-user[39m
2024-12-18 09:09:53:953 [31merror[39m:
[31m"projectId" is not allowed[39m
2024-12-18 09:14:38:1438 [32minfo[39m:
[32m[WINSTON] Request - POST /projects/add-user[39m
2024-12-18 09:14:38:1438 [31merror[39m:
[31m"projectId" is not allowed[39m
2024-12-18 09:16:18:1618 [32minfo[39m:
[32m[WINSTON] Request - POST /projects/add-user[39m
2024-12-18 09:16:18:1618 [31merror[39m:
[31m"projectId" is not allowed[39m
2024-12-18 09:17:13:1713 [32minfo[39m:
[32m[WINSTON] Request - POST /projects/add-user[39m
2024-12-18 09:17:13:1713 [31merror[39m:
[31m"projectId" is not allowed[39m
2024-12-18 09:17:14:1714 [32minfo[39m:
[32m[WINSTON] Request - POST /projects/add-user[39m
2024-12-18 09:17:14:1714 [31merror[39m:
[31m"projectId" is not allowed[39m
2024-12-18 09:17:38:1738 [32minfo[39m:
[32m[WINSTON] Request - POST /projects/add-user[39m
2024-12-18 09:17:38:1738 [31merror[39m:
[31mProject not found[39m
2024-12-18 09:20:11:2011 [32minfo[39m:
[32m[WINSTON] Request - POST /projects/add-user[39m
2024-12-18 09:20:11:2011 [31merror[39m:
[31mProject not found[39m
2024-12-18 09:20:36:2036 [32minfo[39m:
[32m[WINSTON] Request - POST /projects/add-user[39m
2024-12-18 09:20:36:2036 [31merror[39m:
[31mProject not found[39m
2024-12-18 09:21:12:2112 [32minfo[39m:
[32m[WINSTON] Request - POST /projects/add[39m
2024-12-18 09:21:12:2112 [31merror[39m:
[31mProject not found[39m
2024-12-18 09:21:13:2113 [32minfo[39m:
[32m[WINSTON] Request - POST /projects/add[39m
2024-12-18 09:21:13:2113 [31merror[39m:
[31mProject not found[39m
2024-12-18 09:21:14:2114 [32minfo[39m:
[32m[WINSTON] Request - POST /projects/add[39m
2024-12-18 09:21:14:2114 [31merror[39m:
[31mProject not found[39m
2024-12-18 09:22:03:223 [32minfo[39m:
[32m[WINSTON] Request - POST /projects/add[39m
2024-12-18 09:24:28:2428 [32minfo[39m:
[32m[WINSTON] Request - POST /projects/add-user[39m
2024-12-18 09:24:28:2428 [31merror[39m:
[31mjwt expired[39m
2024-12-18 09:24:30:2430 [32minfo[39m:
[32m[WINSTON] Request - POST /auth/login[39m
2024-12-18 09:24:42:2442 [32minfo[39m:
[32m[WINSTON] Request - POST /projects/add-user[39m
2024-12-18 09:25:34:2534 [32minfo[39m:
[32m[WINSTON] Request - POST /projects/add-user[39m
2024-12-18 09:27:01:271 [32minfo[39m:
[32m[WINSTON] Request - POST /projects/add-user[39m
2024-12-18 09:34:47:3447 [32minfo[39m:
[32m[WINSTON] Request - POST /projects/9b38dcd6-966a-4ebe-b038-535d2218e740[39m
2024-12-18 09:34:47:3447 [31merror[39m:
[31mjwt expired[39m
2024-12-18 09:34:50:3450 [32minfo[39m:
[32m[WINSTON] Request - POST /auth/login[39m
2024-12-18 09:34:59:3459 [32minfo[39m:
[32m[WINSTON] Request - POST /projects/9b38dcd6-966a-4ebe-b038-535d2218e740[39m
2024-12-18 09:34:59:3459 [31merror[39m:
[31m"deadline" must be greater than "now"[39m
2024-12-18 09:35:05:355 [32minfo[39m:
[32m[WINSTON] Request - POST /projects/9b38dcd6-966a-4ebe-b038-535d2218e740[39m
2024-12-18 09:37:27:3727 [32minfo[39m:
[32m[WINSTON] Request - POST /projects/remove-user[39m
2024-12-18 09:37:27:3727 [31merror[39m:
[31mjwt expired[39m
2024-12-18 09:37:31:3731 [32minfo[39m:
[32m[WINSTON] Request - POST /auth/login[39m
2024-12-18 09:37:43:3743 [32minfo[39m:
[32m[WINSTON] Request - POST /projects/remove-user[39m
2024-12-18 10:09:44:944 [32minfo[39m:
[32m[WINSTON] Request - POST /auth/login[39m
2024-12-18 10:09:54:954 [32minfo[39m:
[32m[WINSTON] Request - GET /tasks[39m
2024-12-18 10:13:38:1338 [32minfo[39m:
[32m[WINSTON] Request - POST /tasks[39m
2024-12-18 10:13:51:1351 [32minfo[39m:
[32m[WINSTON] Request - GET /tasks[39m
2024-12-18 10:14:09:149 [32minfo[39m:
[32m[WINSTON] Request - GET /tasks[39m
2024-12-18 10:15:17:1517 [32minfo[39m:
[32m[WINSTON] Request - GET /tasks/74d81891-165e-4be4-b766-688c12a2409c[39m
2024-12-18 10:15:52:1552 [32minfo[39m:
[32m[WINSTON] Request - GET /tasks[39m
2024-12-18 10:16:42:1642 [31merror[39m:
[31mExpected double-quoted property name in JSON at position 121[39m
2024-12-18 10:16:45:1645 [32minfo[39m:
[32m[WINSTON] Request - POST /tasks/74d81891-165e-4be4-b766-688c12a2409c[39m
2024-12-18 10:16:45:1645 [31merror[39m:
[31mMissing Auth Token[39m
2024-12-18 10:16:56:1656 [32minfo[39m:
[32m[WINSTON] Request - POST /tasks/74d81891-165e-4be4-b766-688c12a2409c[39m
2024-12-18 10:17:34:1734 [32minfo[39m:
[32m[WINSTON] Request - DELETE /tasks/74d81891-165e-4be4-b766-688c12a2409c[39m
2024-12-18 10:18:10:1810 [32minfo[39m:
[32m[WINSTON] Request - POST /tasks[39m
2024-12-18 10:18:35:1835 [32minfo[39m:
[32m[WINSTON] Request - GET /tasks/project/9b38dcd6-966a-4ebe-b038-535d2218e740[39m
2024-12-18 10:19:04:194 [32minfo[39m:
[32m[WINSTON] Request - GET /tasks/project/9b38dcd6-966a-4ebe-b038-535d2218e740[39m
2024-12-18 10:19:04:194 [31merror[39m:
[31m"id" is required[39m
2024-12-18 10:21:43:2143 [32minfo[39m:
[32m[WINSTON] Request - GET /tasks/project/9b38dcd6-966a-4ebe-b038-535d2218e740[39m
2024-12-18 10:22:13:2213 [32minfo[39m:
[32m[WINSTON] Request - GET /tasks/project/9b38dcd6-966a-4ebe-b038-535d2218e740[39m
2024-12-18 10:22:22:2222 [32minfo[39m:
[32m[WINSTON] Request - GET /tasks/project/9b38dcd6-966a-4ebe-b038-535d2218e740[39m
2024-12-18 13:27:00:270 [32minfo[39m:
[32m[WINSTON] Request - GET /projects[39m
2024-12-18 13:27:00:270 [31merror[39m:
[31mjwt expired[39m
2024-12-18 13:27:04:274 [32minfo[39m:
[32m[WINSTON] Request - POST /auth/login[39m
2024-12-18 13:27:15:2715 [32minfo[39m:
[32m[WINSTON] Request - GET /projects[39m
2024-12-18 13:27:43:2743 [32minfo[39m:
[32m[WINSTON] Request - GET /projects/53ca4732-289f-4b74-a97e-8150cfbe4214[39m
2024-12-18 13:27:43:2743 [31merror[39m:
[31mProject not found[39m
2024-12-18 13:27:52:2752 [32minfo[39m:
[32m[WINSTON] Request - GET /projects/9b38dcd6-966a-4ebe-b038-535d2218e740[39m
2024-12-18 13:28:12:2812 [32minfo[39m:
[32m[WINSTON] Request - POST /projects[39m
2024-12-18 13:28:12:2812 [31merror[39m:
[31mjwt expired[39m
2024-12-18 13:28:24:2824 [32minfo[39m:
[32m[WINSTON] Request - POST /projects[39m
2024-12-18 13:28:24:2824 [31merror[39m:
[31m"status" must be one of [PLANNING, IN_PROGRESS, COMPLETED, ON_HOLD, CANCELLED][39m
2024-12-18 13:28:31:2831 [32minfo[39m:
[32m[WINSTON] Request - POST /projects[39m
2024-12-18 13:28:31:2831 [31merror[39m:
[31m"deadline" must be greater than "now"[39m
2024-12-18 13:28:36:2836 [32minfo[39m:
[32m[WINSTON] Request - POST /projects[39m
2024-12-18 13:29:03:293 [32minfo[39m:
[32m[WINSTON] Request - POST /projects/768a1e3c-d97a-46c6-964b-03d2493f0d7d[39m
2024-12-18 13:29:03:293 [31merror[39m:
[31mjwt expired[39m
2024-12-18 13:29:11:2911 [32minfo[39m:
[32m[WINSTON] Request - POST /projects/768a1e3c-d97a-46c6-964b-03d2493f0d7d[39m
2024-12-18 13:29:38:2938 [32minfo[39m:
[32m[WINSTON] Request - DELETE /projects/768a1e3c-d97a-46c6-964b-03d2493f0d7d[39m
2024-12-18 13:30:43:3043 [32minfo[39m:
[32m[WINSTON] Request - POST /projects/add-user[39m
2024-12-18 13:31:21:3121 [32minfo[39m:
[32m[WINSTON] Request - POST /projects/remove-user[39m
2024-12-18 13:33:11:3311 [32minfo[39m:
[32m[WINSTON] Request - POST /auth/login[39m
2024-12-18 13:33:20:3320 [32minfo[39m:
[32m[WINSTON] Request - GET /tasks[39m
2024-12-18 13:33:50:3350 [32minfo[39m:
[32m[WINSTON] Request - POST /tasks[39m
2024-12-18 13:34:00:340 [32minfo[39m:
[32m[WINSTON] Request - GET /tasks[39m
2024-12-18 13:34:25:3425 [32minfo[39m:
[32m[WINSTON] Request - GET /tasks/4324270c-e39b-4296-8ebb-59423e971efd[39m
2024-12-18 13:35:43:3543 [32minfo[39m:
[32m[WINSTON] Request - POST /tasks/4324270c-e39b-4296-8ebb-59423e971efd[39m
2024-12-18 13:36:03:363 [32minfo[39m:
[32m[WINSTON] Request - DELETE /tasks/4324270c-e39b-4296-8ebb-59423e971efd[39m
2024-12-18 13:36:25:3625 [32minfo[39m:
[32m[WINSTON] Request - GET /tasks/project/9b38dcd6-966a-4ebe-b038-535d2218e740[39m
2024-12-18 15:12:21:1221 [32minfo[39m:
[32m[WINSTON] Request - POST /auth/schedulers[39m
2024-12-18 15:12:44:1244 [32minfo[39m:
[32m[WINSTON] Request - POST /auth/schedulers[39m
2024-12-18 15:14:17:1417 [32minfo[39m:
[32m[WINSTON] Request - POST /auth/schedulers[39m
2024-12-18 15:14:49:1449 [32minfo[39m:
[32m[WINSTON] Request - POST /auth/schedulers[39m
2024-12-18 15:15:02:152 [32minfo[39m:
[32m[WINSTON] Request - POST /auth/schedulers[39m
2024-12-18 15:15:13:1513 [32minfo[39m:
[32m[WINSTON] Request - POST /auth/schedulers[39m
2024-12-18 15:16:26:1626 [32minfo[39m:
[32m[WINSTON] Request - POST /auth/schedulers[39m
2024-12-18 15:16:26:1626 [31merror[39m:
[31m"isStart" is required[39m
2024-12-18 15:29:39:2939 [32minfo[39m:
[32m[WINSTON] Request - POST /auth/schedulers[39m
2024-12-18 15:30:00:300 [32minfo[39m:
[32m[WINSTON] Request - POST /auth/schedulers[39m
2024-12-18 15:30:55:3055 [32minfo[39m:
[32m[WINSTON] Request - POST /auth/schedulers[39m
2024-12-18 15:31:05:315 [32minfo[39m:
[32m[WINSTON] Request - POST /auth/schedulers[39m
2024-12-19 16:25:02:252 [32minfo[39m:
[32m[WINSTON] Request - POST /projects[39m
2024-12-19 16:25:02:252 [31merror[39m:
[31mjwt expired[39m
2024-12-19 16:25:05:255 [32minfo[39m:
[32m[WINSTON] Request - POST /auth/login[39m
2024-12-19 16:25:18:2518 [32minfo[39m:
[32m[WINSTON] Request - POST /projects[39m
2024-12-19 16:28:04:284 [32minfo[39m:
[32m[WINSTON] Request - POST /tasks[39m
2024-12-19 16:29:52:2952 [32minfo[39m:
[32m[WINSTON] Request - POST /tasks[39m
2024-12-19 16:30:06:306 [32minfo[39m:
[32m[WINSTON] Request - POST /tasks[39m
